\BOOKMARK [1][-]{section.1}{\376\377\000S\036\321\000\040\000h\036\315\000c}{}% 1
\BOOKMARK [2][-]{subsection.1.1}{\376\377\000K\000i\036\277\000n\000\040\000t\000h\036\351\000c\000\040\000c\036\247\000n\000\040\000n\000h\036\333}{section.1}% 2
\BOOKMARK [2][-]{subsection.1.2}{\376\377\000L\001\151\000y\000\040\000t\000h\036\353\000a\000\040\000n\000h\000a\000n\000h\000\040\000\050\000p\000o\000w\000m\000o\000d\000\051}{section.1}% 3
\BOOKMARK [2][-]{subsection.1.3}{\376\377\000B\000C\000N\000N\000\040\000c\036\347\000a\000\040\000m\036\243\000n\000g}{section.1}% 4
\BOOKMARK [2][-]{subsection.1.4}{\376\377\000T\036\325\000n\000g\000\040\000t\036\325\000n\000g\000\040\000t\036\325\000n\000g}{section.1}% 5
\BOOKMARK [1][-]{section.2}{\376\377\000T\036\325\000\040\000h\036\343\000p\000\040\000\046\000\040\000X\000\341\000c\000\040\000s\000u\036\245\000t\000\040\000\046\000\040\000K\036\363\000\040\000v\036\315\000n\000g}{}% 6
\BOOKMARK [2][-]{subsection.2.1}{\376\377\000K\000i\036\277\000n\000\040\000t\000h\036\351\000c\000\040\000c\001\241\000\040\000b\036\243\000n}{section.2}% 7
\BOOKMARK [2][-]{subsection.2.2}{\376\377\000T\036\325\000n\000g\000\040\000m\000a\000x\000\040\000c\036\347\000a\000\040\000c\000\341\000c\000\040\000d\000\343\000y\000\040\000c\000o\000n\000\040\001\021\036\331\000\040\000d\000\340\000i\000\040\000k}{section.2}% 8
\BOOKMARK [2][-]{subsection.2.3}{\376\377\001\020\001\260\036\335\000n\000g\000\040\001\021\000i\000\040\000t\000r\000o\000n\000g\000\040\000t\000a\000m\000\040\000g\000i\000\341\000c\000\040\000t\000r\000\352\000n\000\040\000c\036\347\000a\000\040\000l\001\260\036\333\000i\000\040\000n\000\040\000n}{section.2}% 9
\BOOKMARK [2][-]{subsection.2.4}{\376\377\000T\036\325\000n\000g\000\040\000t\000h\036\335\000i\000\040\000g\000i\000a\000n\000\040\001\003\000n\000\040\001\021\000\340\000o\000\040\000t\000r\000\352\000n\000\040\000m\036\315\000i\000\040\000c\000\342\000y\000\040\000\050\000q\000u\000y\000\040\000t\036\257\000c\000\040\000m\036\315\000c\000\040\000t\000u\036\247\000n\000\040\000t\036\361\000\051}{section.2}% 10
\BOOKMARK [2][-]{subsection.2.5}{\376\377\001\020\036\277\000m\000\040\000c\036\267\000p\000\040\000\050\000x\000,\000y\000\051\000\040\000s\000a\000o\000\040\000c\000h\000o\000\040\000d\000\343\000y\000\040\000F\000i\000b\000o\000n\000a\000c\000c\000i\000\040\000m\036\337\000\040\000r\036\331\000n\000g\000\040\000c\000h\036\351\000a\000\040\000k\000\040\000\050\000v\036\313\000\040\000t\000r\000\355\000\040\0002\000\051}{section.2}% 11
\BOOKMARK [1][-]{section.3}{\376\377\000Q\000u\000y\000\040\000h\000o\036\241\000c\000h\000\040\001\021\036\331\000n\000g\000\040\000\046\000\040\000T\000h\000a\000m\000\040\000l\000a\000m}{}% 12
\BOOKMARK [2][-]{subsection.3.1}{\376\377\000D\000\343\000y\000\040\000c\000o\000n\000\040\000t\001\003\000n\000g\000\040\000d\000\340\000i\000\040\000n\000h\036\245\000t\000\040\000\050\000L\000I\000S\000\051}{section.3}% 13
\BOOKMARK [2][-]{subsection.3.2}{\376\377\000X\000o\000\341\000\040\000t\036\321\000i\000\040\001\021\000a\000\040\000k\000\040\001\021\000o\036\241\000n\000\040\000v\036\301\000\040\0000\000\040\001\021\036\303\000\040\000t\036\321\000i\000\040\001\021\000a\000\040\000h\000o\000\341\000\040\000t\036\325\000n\000g}{section.3}% 14
\BOOKMARK [2][-]{subsection.3.3}{\376\377\000B\000a\000l\000o\000\040\000n\000h\000i\036\301\000u\000\040\000v\036\255\000t\000\040\000\050\000b\000o\000u\000n\000d\000e\000d\000\040\000k\000n\000a\000p\000s\000a\000c\000k\000\051\000\040\040\023\000\040\000t\000\341\000c\000h\000\040\000n\000h\036\313\000\040\000p\000h\000\342\000n}{section.3}% 15
\BOOKMARK [2][-]{subsection.3.4}{\376\377\000H\000a\000i\000\040\000l\036\331\000\040\000t\000r\000\354\000n\000h\000\040\001\003\000n\000\040\000n\036\245\000m\000:\000\040\001\021\000i\000\040\000\050\0001\000,\0001\000\051\000\050\000n\000,\000n\000\051\000\040\000r\036\323\000i\000\040\000q\000u\000a\000y\000\040\000v\036\301\000\040\000t\036\321\000i\000\040\001\021\000a\000\040\000h\000o\000\341\000\040\000t\036\325\000n\000g}{section.3}% 16
\BOOKMARK [2][-]{subsection.3.5}{\376\377\001\020\001\260\036\335\000n\000g\000\040\001\021\000i\000\040\001\021\001\241\000n\000\040\000l\036\333\000n\000\040\000n\000h\036\245\000t\000\040\000t\000r\000\352\000n\000\040\000c\000\342\000y\000\040\000\050\000n\000o\000d\000e\000-\000w\000e\000i\000g\000h\000t\000e\000d\000\051}{section.3}% 17
\BOOKMARK [2][-]{subsection.3.6}{\376\377\001\020\036\277\000m\000\040\000s\036\321\000\040\001\021\036\323\000\040\000t\000h\036\313\000\040\000c\000o\000n\000\040\000l\000i\000\352\000n\000\040\000t\000h\000\364\000n\000g\000\040\000\050\000s\000u\000b\000t\000r\000e\000e\000\040\000c\000o\000n\000n\000e\000c\000t\000e\000d\000\051\000\040\000c\036\347\000a\000\040\000c\000\342\000y}{section.3}% 18
\BOOKMARK [2][-]{subsection.3.7}{\376\377\001\020\036\277\000m\000\040\000s\036\321\000\040\001\021\001\260\036\335\000n\000g\000\040\001\021\000i\000\040\001\021\036\331\000\040\000d\000\340\000i\000\040\000k\000\040\000t\000r\000\352\000n\000\040\000c\000\342\000y}{section.3}% 19
\BOOKMARK [2][-]{subsection.3.8}{\376\377\000S\036\321\000\040\000t\000h\036\351\000\040\000k\000\040\000c\000\363\000\040\000t\036\325\000n\000g\000\040\000c\000h\036\357\000\040\000s\036\321\000\040\000l\000\340\000\040\000s\036\321\000\040\000n\000g\000u\000y\000\352\000n\000\040\000t\036\321}{section.3}% 20
\BOOKMARK [2][-]{subsection.3.9}{\376\377\001\020\036\277\000m\000\040\000s\036\321\000\040\000k\000h\000\364\000n\000g\000\040\000c\000\363\000\040\000x\000\342\000u\000\040\000c\000o\000n\000\040\000p\000a\000l\000i\000n\000d\000r\000o\000m\000e\000\040\000\050\001\021\036\331\000\040\000d\000\340\000i\000\040\000>\0001\000\051}{section.3}% 21
\BOOKMARK [2][-]{subsection.3.10}{\376\377\001\020\036\277\000m\000\040\000y\000\040\000[\000L\000,\000R\000]\000\040\000s\000a\000o\000\040\000c\000h\000o\000\040\000x\000\040\000y\000\040\000S\000\040\000\050\000d\000i\000g\000i\000t\000\040\000D\000P\000\040\000t\000h\000e\000o\000\040\000b\000i\000t\000\051}{section.3}% 22
\BOOKMARK [2][-]{subsection.3.11}{\376\377\000S\036\257\000p\000\040\000x\036\277\000p\000\040\001\021\036\323\000\040\000v\000\340\000o\000\040\000t\000h\000\371\000n\000g\000\040\000\050\000B\000i\000n\000\040\000P\000a\000c\000k\000i\000n\000g\000\040\000v\036\333\000i\000\040\000n\000\040\0002\0000\000\051}{section.3}% 23
\BOOKMARK [2][-]{subsection.3.12}{\376\377\000T\000S\000P\000\040\040\023\000\040\000Q\000u\000a\000y\000\040\000l\000u\000i\000\040\000\050\000B\000a\000c\000k\000t\000r\000a\000c\000k\000i\000n\000g\000\051\000\040\000v\036\333\000i\000\040\000c\036\257\000t\000\040\000t\036\311\000a}{section.3}% 24
\BOOKMARK [1][-]{section.4}{\376\377\000C\000\342\000y\000\040\000p\000h\000\342\000n\000\040\001\021\000o\036\241\000n\000\040\000\050\000S\000e\000g\000m\000e\000n\000t\000\040\000T\000r\000e\000e\000\051}{}% 25
\BOOKMARK [2][-]{subsection.4.1}{\376\377\001\020\036\277\000m\000\040\000s\036\321\000\040\000m\036\243\000n\000g\000\040\000c\000o\000n\000\040\000c\000\363\000\040\000t\036\325\000n\000g\000\040\000k\000h\000\364\000n\000g\000\040\000\342\000m\000\040\000\050\000P\000r\000e\000f\000i\000x\000\040\000S\000u\000m\000\040\000+\000\040\000S\000e\000g\000m\000e\000n\000t\000\040\000T\000r\000e\000e\000\051}{section.4}% 26
\BOOKMARK [2][-]{subsection.4.2}{\376\377\000P\000h\036\347\000\040\001\021\000o\036\241\000n\000\040\000t\036\321\000i\000\040\000t\000h\000i\036\303\000u\000\040\000b\036\261\000n\000g\000\040\000s\000e\000g\000t\000r\000e\000e\000\040\000\050\000r\000a\000n\000g\000e\000-\000c\000h\000m\000i\000n\000\040\000\046\000\040\000p\000o\000i\000n\000t\000\040\000q\000u\000e\000r\000y\000\051}{section.4}% 27
\BOOKMARK [2][-]{subsection.4.3}{\376\377\000S\036\321\000\040\000t\000h\000a\000o\000\040\000t\000\341\000c\000\040\001\021\036\325\000i\000\040\000c\000h\036\327\000\040\000c\036\267\000p\000\040\000k\036\301\000\040\000t\036\321\000i\000\040\000t\000h\000i\036\303\000u\000\040\001\021\036\303\000\040\000s\036\257\000p\000\040\000x\036\277\000p\000\040\000h\000o\000\341\000n\000\040\000v\036\313}{section.4}% 28
\BOOKMARK [1][-]{section.5}{\376\377\001\020\036\323\000\040\000t\000h\036\313\000\040\000\050\000G\000r\000a\000p\000h\000\051}{}% 29
\BOOKMARK [2][-]{subsection.5.1}{\376\377\001\020\036\277\000m\000\040\000s\036\321\000\040\000v\000\371\000n\000g\000\040\000k\000h\000\364\000n\000g\000\040\000b\036\313\000\040\036\243\000n\000h\000\040\000h\001\260\036\337\000n\000g\000\040\000b\036\337\000i\000\040\000b\000\343\000o\000\040\000\050\000L\0001\000\051}{section.5}% 30
\BOOKMARK [2][-]{subsection.5.2}{\376\377\000B\001\003\000n\000g\000\040\000t\000a\000n\000\040\000\046\000\040\000h\000a\000i\000\040\001\021\000i\036\303\000m\000\040\000g\036\267\000p\000\040\000n\000h\000a\000u\000\040\000\050\000S\000w\000a\000n\000\040\000L\000a\000k\000e\000\051}{section.5}% 31
\BOOKMARK [2][-]{subsection.5.3}{\376\377\001\020\036\277\000m\000\040\000s\036\321\000\040\001\021\001\260\036\335\000n\000g\000\040\001\021\000i\000\040\000n\000g\036\257\000n\000\040\000n\000h\036\245\000t\000\040\000\050\000D\000i\000j\000k\000s\000t\000r\000a\000\040\000+\000\040\001\021\036\277\000m\000\040\000c\000\341\000c\000h\000\051}{section.5}% 32
\BOOKMARK [2][-]{subsection.5.4}{\376\377\000T\000h\000a\000n\000g\000\040\000m\000\341\000y\000:\000\040\001\021\036\277\000m\000\040\000s\036\321\000\040\000t\036\247\000n\000g\000\040\000c\000\363\000\040\000t\000h\036\303\000\040\000t\036\333\000i\000\040\000\050\000D\000i\000j\000k\000s\000t\000r\000a\000\040\000t\000r\000\352\000n\000\040\000l\036\333\000p\000\040\000d\001\260\000\051}{section.5}% 33
\BOOKMARK [2][-]{subsection.5.5}{\376\377\001\020\036\311\000n\000h\000\040\000n\000h\036\255\000n\000\040\001\021\001\260\036\343\000c\000\040\000t\036\353\000\040\000m\036\315\000i\000\040\001\021\036\311\000n\000h\000\040\000\050\000r\000e\000a\000c\000h\000a\000b\000l\000e\000-\000f\000r\000o\000m\000-\000a\000l\000l\000\051}{section.5}% 34
\BOOKMARK [2][-]{subsection.5.6}{\376\377\000L\000C\000A\000\040\000\050\000L\000o\000w\000e\000s\000t\000\040\000C\000o\000m\000m\000o\000n\000\040\000A\000n\000c\000e\000s\000t\000o\000r\000\051\000\040\000b\036\261\000n\000g\000\040\000B\000i\000n\000a\000r\000y\000\040\000L\000i\000f\000t\000i\000n\000g}{section.5}% 35
\BOOKMARK [2][-]{subsection.5.7}{\376\377\001\020\036\277\000m\000\040\000c\036\267\000p\000\040\000c\000\363\000\040\001\021\001\260\036\335\000n\000g\000\040\001\021\000i\000\040\000d\000u\000y\000\040\000n\000h\036\245\000t\000\040\000t\000r\000o\000n\000g\000\040\001\021\036\323\000\040\000t\000h\036\313\000\040\000v\000\364\000\040\000h\001\260\036\333\000n\000g}{section.5}% 36
\BOOKMARK [2][-]{subsection.5.8}{\376\377\001\020\036\277\000m\000\040\000s\036\321\000\040\001\021\036\311\000n\000h\000\040\000x\000\040\000s\000a\000o\000\040\000c\000h\000o\000\040\000f\000\050\000u\000,\000x\000\051\000=\000f\000\050\000v\000,\000x\000\051\000\040\000t\000r\000\352\000n\000\040\000c\000\342\000y}{section.5}% 37
\BOOKMARK [2][-]{subsection.5.9}{\376\377\000C\036\331\000n\000g\000\040\000v\000\340\000o\000\040\000c\000\342\000y\000\040\000c\000o\000n\000\040\000v\000\340\000\040\000t\000r\000u\000y\000\040\000v\036\245\000n\000\040\000g\000i\000\341\000\040\000t\000r\036\313\000\040\000t\036\241\000i\000\040\001\021\036\311\000n\000h}{section.5}% 38
\BOOKMARK [1][-]{section.6}{\376\377\000B\000i\000t\000m\000a\000s\000k}{}% 39
\BOOKMARK [2][-]{subsection.6.1}{\376\377\000K\000i\036\277\000n\000\040\000t\000h\036\351\000c\000\040\000c\036\247\000n\000\040\000n\000h\036\333}{section.6}% 40
\BOOKMARK [2][-]{subsection.6.2}{\376\377\001\020\036\277\000m\000\040\000c\036\267\000p\000\040\000\050\000i\000<\000j\000\051\000\040\000t\000h\000o\036\243\000\040\000A\000i\000\040\000j\000\040\000=\000\040\000A\000j\000\040\000i}{section.6}% 41
\BOOKMARK [2][-]{subsection.6.3}{\376\377\000B\036\255\000t\000/\000T\036\257\000t\000/\001\020\036\243\000o\000\040\000b\000i\000t\000\040\000t\000r\000\352\000n\000\040\000s\036\321\000\040\0003\0002\000-\000b\000i\000t}{section.6}% 42
\BOOKMARK [2][-]{subsection.6.4}{\376\377\000X\000O\000R\000\040\000n\000h\036\317\000\040\000n\000h\036\245\000t\000\040\000c\036\347\000a\000\040\000h\000a\000i\000\040\000s\036\321\000\040\000k\000h\000\341\000c\000\040\000n\000h\000a\000u\000\040\000\050\000c\036\255\000p\000\040\000n\000h\036\255\000t\000\040\000o\000n\000l\000i\000n\000e\000\051}{section.6}% 43
\BOOKMARK [1][-]{section.7}{\376\377\000H\000a\000s\000h\000\040\000\046\000\040\000S\000t\000r\000i\000n\000g}{}% 44
\BOOKMARK [2][-]{subsection.7.1}{\376\377\001\020\036\277\000m\000\040\000s\036\321\000\040\000l\036\247\000n\000\040\000x\000u\036\245\000t\000\040\000h\000i\036\307\000n\000\040\000c\036\347\000a\000\040\000T\000\040\000t\000r\000o\000n\000g\000\040\000S\000\040\000\050\000Z\000-\000a\000l\000g\000o\000r\000i\000t\000h\000m\000,\000\040\000O\000\050\000|\000S\000|\000+\000|\000T\000|\000\051\000\051}{section.7}% 45
\BOOKMARK [2][-]{subsection.7.2}{\376\377\000C\000h\000u\000\040\000k\036\363\000\040\000n\000g\036\257\000n\000\040\000n\000h\036\245\000t\000\040\000c\036\347\000a\000\040\000x\000\342\000u\000\040\000\050\000m\000i\000n\000i\000m\000a\000l\000\040\000p\000e\000r\000i\000o\000d\000\051}{section.7}% 46
\BOOKMARK [2][-]{subsection.7.3}{\376\377\000S\000o\000\040\000s\000\341\000n\000h\000\040\000t\036\255\000p\000\040\000c\036\347\000a\000\040\000c\000\341\000c\000\040\000t\000i\036\301\000n\000\040\000t\036\321\000\040\000h\000a\000i\000\040\000m\036\243\000n\000g\000\040\000A\000\040\000v\000\340\000\040\000B}{section.7}% 47
\BOOKMARK [2][-]{subsection.7.4}{\376\377\000X\000\342\000u\000\040\000x\000o\000a\000y\000\040\000t\036\353\000\040\001\021\000i\036\303\000n\000\040\000n\000h\036\317\000\040\000n\000h\036\245\000t\000\040\000\050\000L\000e\000x\000i\000c\000o\000g\000r\000a\000p\000h\000i\000c\000a\000l\000l\000y\000\040\000M\000i\000n\000i\000m\000a\000l\000\040\000R\000o\000t\000a\000t\000i\000o\000n\000\051}{section.7}% 48
\BOOKMARK [2][-]{subsection.7.5}{\376\377\000X\000\342\000u\000\040\000d\000\340\000i\000\040\000n\000h\036\245\000t\000\040\000x\000u\036\245\000t\000\040\000h\000i\036\307\000n\000\040\000k\000\040\000l\036\247\000n}{section.7}% 49
\BOOKMARK [2][-]{subsection.7.6}{\376\377\000X\000\342\000u\000\040\000c\000o\000n\000\040\000d\000\340\000i\000\040\000n\000h\036\245\000t\000\040\000g\000h\000\351\000p\000\040\001\021\001\260\036\343\000c\000\040\000t\036\353\000\040\000b\036\331\000\040\000t\036\353\000\040\001\021\000i\036\303\000n}{section.7}% 50
\BOOKMARK [1][-]{section.8}{\376\377\000H\000\354\000n\000h\000\040\000h\036\315\000c}{}% 51
\BOOKMARK [1][-]{section.9}{\376\377\000G\000h\000i\000\040\000c\000h\000\372}{}% 52
