\BOOKMARK [1][-]{section.1}{\376\377\000P\000r\000e\000l\000i\000m\000i\000n\000a\000r\000i\000e\000s\000\040\040\023\000\040\000K\000i\036\277\000n\000\040\000t\000h\036\351\000c\000\040\000c\000h\000u\036\251\000n\000\040\000b\036\313}{}% 1
\BOOKMARK [1][-]{section.2}{\376\377\000M\036\331\000t\000\040\000s\036\321\000\040\000b\000\340\000i\000\040\000t\000o\000\341\000n\000\040\000q\000u\000y\000\040\000h\000o\036\241\000c\000h\000\040\001\021\036\331\000n\000g\000\040\000c\036\325\000\040\001\021\000i\036\303\000n}{}% 2
\BOOKMARK [2][-]{subsection.2.1}{\376\377\000A\000\040\000-\000\040\000F\000r\000o\000g\000\040\0001}{section.2}% 3
\BOOKMARK [2][-]{subsection.2.2}{\376\377\000X\036\277\000p\000\040\000h\000\340\000n\000g\000\040\000m\000u\000a\000\040\000v\000\351}{section.2}% 4
\BOOKMARK [2][-]{subsection.2.3}{\376\377\000D\000\343\000y\000\040\000c\000o\000n\000\040\000t\001\003\000n\000g\000\040\000d\000\340\000i\000\040\000n\000h\036\245\000t\000\040\000\050\000b\036\243\000n\000\040\000d\036\305\000\051}{section.2}% 5
\BOOKMARK [2][-]{subsection.2.4}{\376\377\000L\000o\000n\000g\000e\000s\000t\000\040\000C\000o\000m\000m\000o\000n\000\040\000S\000u\000b\000s\000e\000q\000u\000e\000n\000c\000e}{section.2}% 6
\BOOKMARK [2][-]{subsection.2.5}{\376\377\000K\000n\000a\000p\000s\000a\000c\000k}{section.2}% 7
\BOOKMARK [1][-]{section.3}{\376\377\000M\036\331\000t\000\040\000s\036\321\000\040\000b\000\340\000i\000\040\000t\000o\000\341\000n\000\040\000q\000u\000y\000\040\000h\000o\036\241\000c\000h\000\040\001\021\036\331\000n\000g\000\040\000n\000\342\000n\000g\000\040\000c\000a\000o}{}% 8
\BOOKMARK [2][-]{subsection.3.1}{\376\377\000A\000t\000c\000o\000d\000e\000r\000\040\000E\000d\000u\000c\000a\000t\000i\000o\000n\000a\000l\000\040\000D\000P\000\040\000C\000o\000n\000t\000e\000s\000t\000\040\000C\000\040\000-\000\040\000V\000a\000c\000a\000t\000i\000o\000n\000\040}{section.3}% 9
\BOOKMARK [2][-]{subsection.3.2}{\376\377\000I\000O\000I\000\040\000'\0009\0009\000\040\000P\0001\000\040\000-\000\040\000L\000i\000t\000t\000l\000e\000\040\000S\000h\000o\000p\000\040\000o\000f\000\040\000F\000l\000o\000w\000e\000r\000s}{section.3}% 10
\BOOKMARK [2][-]{subsection.3.3}{\376\377\000I\000O\000I\000P\000A\000L\000I\000N\000\040\000-\000\040\000P\000a\000l\000i\000n\000d\000r\000o\000m\000e\000\040\0002\0000\0000\0000}{section.3}% 11
\BOOKMARK [2][-]{subsection.3.4}{\376\377\000B\000L\000A\000S\000T}{section.3}% 12
\BOOKMARK [2][-]{subsection.3.5}{\376\377\000R\000e\000c\000t\000a\000n\000g\000l\000e\000\040\000C\000u\000t\000t\000i\000n\000g}{section.3}% 13
\BOOKMARK [1][-]{section.4}{\376\377\000Q\000u\000y\000\040\000h\000o\036\241\000c\000h\000\040\001\021\036\331\000n\000g\000\040\000n\000\342\000n\000g\000\040\000c\000a\000o\000\040\000\050\000L\000e\000v\000e\000l\000\040\0001\000\051}{}% 14
\BOOKMARK [2][-]{subsection.4.1}{\376\377\000V\000O\000I\000\040\0001\0003\000\040\000B\000\340\000i\000\040\0004\000\040\000-\000\040\000T\000r\036\331\000n\000\040\000x\000\342\000u}{section.4}% 15
\BOOKMARK [2][-]{subsection.4.2}{\376\377\000K\000h\000u\000y\036\277\000n\000\040\000m\000\343\000i}{section.4}% 16
\BOOKMARK [2][-]{subsection.4.3}{\376\377\000V\000O\000I\000\040\0000\0009\000\040\000B\000\340\000i\000\040\0001\000\040\000-\000\040\000T\000r\000\362\000\040\000c\000h\001\241\000i\000\040\000v\036\333\000i\000\040\000b\001\003\000n\000g\000\040\000s\036\321}{section.4}% 17
\BOOKMARK [2][-]{subsection.4.4}{\376\377\000K\000i\000n\000h\000\040\000n\000g\000h\000i\036\307\000m\000\040\000\050\000O\000L\000P\000\040\0001\0000\000\046\0001\0001\000\040\000-\000\040\0002\0000\0001\0009\000\051}{section.4}% 18
\BOOKMARK [2][-]{subsection.4.5}{\376\377\000I\000O\000I\0000\0007\000\040\000M\000i\000n\000e\000r\000s}{section.4}% 19
\BOOKMARK [2][-]{subsection.4.6}{\376\377\000E\000x\000a\000m\000\040\000C\000h\000e\000a\000t\000i\000n\000g}{section.4}% 20
\BOOKMARK [1][-]{section.5}{\376\377\000Q\000u\000y\000\040\000h\000o\036\241\000c\000h\000\040\001\021\036\331\000n\000g\000\040\000n\000\342\000n\000g\000\040\000c\000a\000o\000\040\000\050\000L\000e\000v\000e\000l\000\040\0002\000\051}{}% 21
\BOOKMARK [1][-]{section.6}{\376\377\000Q\000u\000y\000\040\000h\000o\036\241\000c\000h\000\040\001\021\036\331\000n\000g\000\040\000n\000\342\000n\000g\000\040\000c\000a\000o\000\040\000\050\000L\000e\000v\000e\000l\000\040\0003\000\051}{}% 22
\BOOKMARK [1][-]{section.7}{\376\377\001\020\036\325\000i\000\040\000b\000i\036\277\000n\000\040\000s\036\321\000\040\000t\000r\000o\000n\000g\000\040\000q\000u\000y\000\040\000h\000o\036\241\000c\000h\000\040\001\021\036\331\000n\000g}{}% 23
\BOOKMARK [1][-]{section.8}{\376\377\000M\036\331\000t\000\040\000s\036\321\000\040\000b\000\340\000i\000\040\000t\036\255\000p\000\040\000v\036\301\000\040\001\021\036\325\000i\000\040\000b\000i\036\303\000n\000\040\000s\036\321}{}% 24
\BOOKMARK [1][-]{section.9}{\376\377\000M\000i\000s\000c\000e\000l\000l\000a\000n\000e\000o\000u\000s}{}% 25
\BOOKMARK [2][-]{subsection.9.1}{\376\377\000C\000o\000n\000t\000r\000i\000b\000u\000t\000o\000r\000s}{section.9}% 26
